<?xml version="1.0" encoding="UTF-8"?>
<!-- Generated by org.testng.reporters.JUnitXMLReporter -->
<testsuite ignored="0" hostname="Ieshanies-Surface3" failures="0" tests="12" name="Free CRM App Test Cases" time="11.339" errors="0" timestamp="2024-05-07T23:43:42 AEST">
  <testcase classname="com.crm.qa.testcases.ContactPageTest" name="@BeforeTest setup" time="10.006">
    <failure type="org.openqa.selenium.NoSuchWindowException" message="no such window: target window already closed
from unknown error: web view not found
  (Session info: chrome=124.0.6367.119)
Build info: version: &amp;apos;4.20.0&amp;apos;, revision: &amp;apos;866c76ca80&amp;apos;
System info: os.name: &amp;apos;Windows 11&amp;apos;, os.arch: &amp;apos;amd64&amp;apos;, os.version: &amp;apos;10.0&amp;apos;, java.version: &amp;apos;17.0.10&amp;apos;
Driver info: org.openqa.selenium.chrome.ChromeDriver
Command: [cdb42f542cae515c30172d1009c368b2, findElements {using=css selector, value=frame[name=&amp;apos;mainpanel&amp;apos;],iframe[name=&amp;apos;mainpanel&amp;apos;]}]
Capabilities {acceptInsecureCerts: false, browserName: chrome, browserVersion: 124.0.6367.119, chrome: {chromedriverVersion: 124.0.6367.91 (51df0e5e17a8..., userDataDir: C:\Users\User\AppData\Local...}, fedcm:accounts: true, goog:chromeOptions: {debuggerAddress: localhost:50579}, networkConnectionEnabled: false, pageLoadStrategy: normal, platformName: windows, proxy: Proxy(), se:cdp: ws://localhost:50579/devtoo..., se:cdpVersion: 124.0.6367.119, setWindowRect: true, strictFileInteractability: false, timeouts: {implicit: 0, pageLoad: 300000, script: 30000}, unhandledPromptBehavior: dismiss and notify, webauthn:extension:credBlob: true, webauthn:extension:largeBlob: true, webauthn:extension:minPinLength: true, webauthn:extension:prf: true, webauthn:virtualAuthenticators: true}
Session ID: cdb42f542cae515c30172d1009c368b2">
      <![CDATA[org.openqa.selenium.NoSuchWindowException: no such window: target window already closed
from unknown error: web view not found
  (Session info: chrome=124.0.6367.119)
Build info: version: '4.20.0', revision: '866c76ca80'
System info: os.name: 'Windows 11', os.arch: 'amd64', os.version: '10.0', java.version: '17.0.10'
Driver info: org.openqa.selenium.chrome.ChromeDriver
Command: [cdb42f542cae515c30172d1009c368b2, findElements {using=css selector, value=frame[name='mainpanel'],iframe[name='mainpanel']}]
Capabilities {acceptInsecureCerts: false, browserName: chrome, browserVersion: 124.0.6367.119, chrome: {chromedriverVersion: 124.0.6367.91 (51df0e5e17a8..., userDataDir: C:\Users\User\AppData\Local...}, fedcm:accounts: true, goog:chromeOptions: {debuggerAddress: localhost:50579}, networkConnectionEnabled: false, pageLoadStrategy: normal, platformName: windows, proxy: Proxy(), se:cdp: ws://localhost:50579/devtoo..., se:cdpVersion: 124.0.6367.119, setWindowRect: true, strictFileInteractability: false, timeouts: {implicit: 0, pageLoad: 300000, script: 30000}, unhandledPromptBehavior: dismiss and notify, webauthn:extension:credBlob: true, webauthn:extension:largeBlob: true, webauthn:extension:minPinLength: true, webauthn:extension:prf: true, webauthn:virtualAuthenticators: true}
Session ID: cdb42f542cae515c30172d1009c368b2
at org.openqa.selenium.remote.ErrorCodec.decode(ErrorCodec.java:167)
at org.openqa.selenium.remote.codec.w3c.W3CHttpResponseCodec.decode(W3CHttpResponseCodec.java:138)
at org.openqa.selenium.remote.codec.w3c.W3CHttpResponseCodec.decode(W3CHttpResponseCodec.java:50)
at org.openqa.selenium.remote.HttpCommandExecutor.execute(HttpCommandExecutor.java:190)
at org.openqa.selenium.remote.service.DriverCommandExecutor.invokeExecute(DriverCommandExecutor.java:216)
at org.openqa.selenium.remote.service.DriverCommandExecutor.execute(DriverCommandExecutor.java:174)
at org.openqa.selenium.remote.RemoteWebDriver.execute(RemoteWebDriver.java:518)
at org.openqa.selenium.remote.ElementLocation$ElementFinder$2.findElements(ElementLocation.java:182)
at org.openqa.selenium.remote.ElementLocation.findElements(ElementLocation.java:103)
at org.openqa.selenium.remote.RemoteWebDriver.findElements(RemoteWebDriver.java:368)
at org.openqa.selenium.remote.RemoteWebDriver.findElements(RemoteWebDriver.java:362)
at org.openqa.selenium.remote.RemoteWebDriver$RemoteTargetLocator.frame(RemoteWebDriver.java:1090)
at com.crm.qa.util.TestUtil.swithToFrame(TestUtil.java:29)
at com.crm.qa.testcases.ContactPageTest.setup(ContactPageTest.java:37)
... Removed 29 stack frames]]>
    </failure>
  </testcase> <!-- @BeforeTest setup -->
  <testcase classname="com.crm.qa.testcases.HomePageTest" name="@BeforeTest setup" time="-1.715089420814E9">
    <skipped/>
  </testcase> <!-- @BeforeTest setup -->
  <testcase classname="com.crm.qa.testcases.LoginPageTest" name="@BeforeTest setup" time="-1.715089420814E9">
    <skipped/>
  </testcase> <!-- @BeforeTest setup -->
  <testcase classname="com.crm.qa.testcases.ContactPageTest" name="@AfterTest tearDown" time="-1.715089422127E9">
    <skipped/>
  </testcase> <!-- @AfterTest tearDown -->
  <testcase classname="com.crm.qa.testcases.HomePageTest" name="@AfterTest tearDown" time="-1.715089422127E9">
    <skipped/>
  </testcase> <!-- @AfterTest tearDown -->
  <testcase classname="com.crm.qa.testcases.LoginPageTest" name="@AfterTest teardown" time="-1.715089422127E9">
    <skipped/>
  </testcase> <!-- @AfterTest teardown -->
  <testcase classname="com.crm.qa.testcases.LoginPageTest" name="titleTest" time="0.0">
    <skipped/>
  </testcase> <!-- titleTest -->
  <testcase classname="com.crm.qa.testcases.LoginPageTest" name="crmLogoImageTest" time="0.0">
    <skipped/>
  </testcase> <!-- crmLogoImageTest -->
  <testcase classname="com.crm.qa.testcases.LoginPageTest" name="loginTest" time="0.0">
    <skipped/>
  </testcase> <!-- loginTest -->
  <testcase classname="com.crm.qa.testcases.HomePageTest" name="verifyHomePageTestTitle" time="0.0">
    <skipped/>
  </testcase> <!-- verifyHomePageTestTitle -->
  <testcase classname="com.crm.qa.testcases.HomePageTest" name="verifyUserNameTest" time="0.0">
    <skipped/>
  </testcase> <!-- verifyUserNameTest -->
  <testcase classname="com.crm.qa.testcases.HomePageTest" name="verifyContactPageLink" time="0.0">
    <skipped/>
  </testcase> <!-- verifyContactPageLink -->
  <testcase classname="com.crm.qa.testcases.ContactPageTest" name="verifyContactLabel" time="0.0">
    <skipped/>
  </testcase> <!-- verifyContactLabel -->
  <testcase classname="com.crm.qa.testcases.ContactPageTest" name="verifySelectContactList" time="0.0">
    <skipped/>
  </testcase> <!-- verifySelectContactList -->
  <testcase classname="com.crm.qa.testcases.ContactPageTest" name="multipleCheckBoxSelect" time="0.0">
    <skipped/>
  </testcase> <!-- multipleCheckBoxSelect -->
  <testcase classname="com.crm.qa.testcases.ContactPageTest" name="verifyCreateContact" time="0.0">
    <skipped/>
  </testcase> <!-- verifyCreateContact -->
  <testcase classname="com.crm.qa.testcases.ContactPageTest" name="verifyCreateContact" time="0.0">
    <skipped/>
  </testcase> <!-- verifyCreateContact -->
  <testcase classname="com.crm.qa.testcases.ContactPageTest" name="verifyCreateContact" time="0.0">
    <skipped/>
  </testcase> <!-- verifyCreateContact -->
</testsuite> <!-- Free CRM App Test Cases -->
